This file contains any messages produced by compilers while
running configure, to aid debugging if configure makes a mistake.

It was created by libusb configure 1.0.9, which was
generated by GNU Autoconf 2.65.  Invocation command line was

  $ ./configure -disable-timerfd

## --------- ##
## Platform. ##
## --------- ##

hostname = MartosLaptopLINUX
uname -m = i686
uname -r = 3.0.0-21-generic
uname -s = Linux
uname -v = #35~lucid1-Ubuntu SMP Mon May 28 13:39:13 UTC 2012

/usr/bin/uname -p = unknown
/bin/uname -X     = unknown

/bin/arch              = unknown
/usr/bin/arch -k       = unknown
/usr/convex/getsysinfo = unknown
/usr/bin/hostinfo      = unknown
/bin/machine           = unknown
/usr/bin/oslevel       = unknown
/bin/universe          = unknown

PATH: /home/martinmarinov/CodeSourcery/Sourcery_CodeBench_Lite_for_ARM_EABI/bin
PATH: /usr/lib/jvm/java-6-sun/bin
PATH: /home/martinmarinov/bin
PATH: /usr/local/sbin
PATH: /usr/local/bin
PATH: /usr/sbin
PATH: /usr/bin
PATH: /sbin
PATH: /bin
PATH: /usr/games
PATH: /home/martinmarinov/android/android-ndk-r8b/


## ----------- ##
## Core tests. ##
## ----------- ##

configure:2486: checking for a BSD-compatible install
configure:2554: result: /usr/bin/install -c
configure:2565: checking whether build environment is sane
configure:2615: result: yes
configure:2756: checking for a thread-safe mkdir -p
configure:2795: result: /bin/mkdir -p
configure:2808: checking for gawk
configure:2824: found /usr/bin/gawk
configure:2835: result: gawk
configure:2846: checking whether make sets $(MAKE)
configure:2868: result: yes
configure:2949: checking whether to enable maintainer-specific portions of Makefiles
configure:2958: result: no
configure:3038: checking for gcc
configure:3054: found /usr/bin/gcc
configure:3065: result: gcc
configure:3294: checking for C compiler version
configure:3303: gcc --version >&5
gcc (Ubuntu 4.4.3-4ubuntu5.1) 4.4.3
Copyright (C) 2009 Free Software Foundation, Inc.
This is free software; see the source for copying conditions.  There is NO
warranty; not even for MERCHANTABILITY or FITNESS FOR A PARTICULAR PURPOSE.

configure:3314: $? = 0
configure:3303: gcc -v >&5
Using built-in specs.
Target: i486-linux-gnu
Configured with: ../src/configure -v --with-pkgversion='Ubuntu 4.4.3-4ubuntu5.1' --with-bugurl=file:///usr/share/doc/gcc-4.4/README.Bugs --enable-languages=c,c++,fortran,objc,obj-c++ --prefix=/usr --enable-shared --enable-multiarch --enable-linker-build-id --with-system-zlib --libexecdir=/usr/lib --without-included-gettext --enable-threads=posix --with-gxx-include-dir=/usr/include/c++/4.4 --program-suffix=-4.4 --enable-nls --enable-clocale=gnu --enable-libstdcxx-debug --enable-plugin --enable-objc-gc --enable-targets=all --disable-werror --with-arch-32=i486 --with-tune=generic --enable-checking=release --build=i486-linux-gnu --host=i486-linux-gnu --target=i486-linux-gnu
Thread model: posix
gcc version 4.4.3 (Ubuntu 4.4.3-4ubuntu5.1) 
configure:3314: $? = 0
configure:3303: gcc -V >&5
gcc: '-V' option must have argument
configure:3314: $? = 1
configure:3303: gcc -qversion >&5
gcc: unrecognized option '-qversion'
gcc: no input files
configure:3314: $? = 1
configure:3334: checking whether the C compiler works
configure:3356: gcc    conftest.c  >&5
configure:3360: $? = 0
configure:3409: result: yes
configure:3412: checking for C compiler default output file name
configure:3414: result: a.out
configure:3420: checking for suffix of executables
configure:3427: gcc -o conftest    conftest.c  >&5
configure:3431: $? = 0
configure:3453: result: 
configure:3475: checking whether we are cross compiling
configure:3483: gcc -o conftest    conftest.c  >&5
configure:3487: $? = 0
configure:3494: ./conftest
configure:3498: $? = 0
configure:3513: result: no
configure:3518: checking for suffix of object files
configure:3540: gcc -c   conftest.c >&5
configure:3544: $? = 0
configure:3565: result: o
configure:3569: checking whether we are using the GNU C compiler
configure:3588: gcc -c   conftest.c >&5
configure:3588: $? = 0
configure:3597: result: yes
configure:3606: checking whether gcc accepts -g
configure:3626: gcc -c -g  conftest.c >&5
configure:3626: $? = 0
configure:3667: result: yes
configure:3684: checking for gcc option to accept ISO C89
configure:3748: gcc  -c -g -O2  conftest.c >&5
configure:3748: $? = 0
configure:3761: result: none needed
configure:3792: checking for style of include used by make
configure:3820: result: GNU
configure:3845: checking dependency style of gcc
configure:3955: result: gcc3
configure:3999: checking build system type
configure:4013: result: i686-pc-linux-gnu
configure:4033: checking host system type
configure:4046: result: i686-pc-linux-gnu
configure:4066: checking for a sed that does not truncate output
configure:4130: result: /bin/sed
configure:4148: checking for grep that handles long lines and -e
configure:4206: result: /bin/grep
configure:4211: checking for egrep
configure:4273: result: /bin/grep -E
configure:4278: checking for fgrep
configure:4340: result: /bin/grep -F
configure:4375: checking for ld used by gcc
configure:4442: result: /usr/bin/ld
configure:4449: checking if the linker (/usr/bin/ld) is GNU ld
configure:4464: result: yes
configure:4476: checking for BSD- or MS-compatible name lister (nm)
configure:4525: result: /usr/bin/nm -B
configure:4643: checking the name lister (/usr/bin/nm -B) interface
configure:4650: gcc -c -g -O2  conftest.c >&5
configure:4653: /usr/bin/nm -B "conftest.o"
configure:4656: output
00000000 B some_variable
configure:4663: result: BSD nm
configure:4666: checking whether ln -s works
configure:4670: result: yes
configure:4678: checking the maximum length of command line arguments
configure:4798: result: 1572864
configure:4815: checking whether the shell understands some XSI constructs
configure:4825: result: yes
configure:4829: checking whether the shell understands "+="
configure:4835: result: yes
configure:4870: checking for /usr/bin/ld option to reload object files
configure:4877: result: -r
configure:4946: checking for objdump
configure:4962: found /usr/bin/objdump
configure:4973: result: objdump
configure:5005: checking how to recognize dependent libraries
configure:5201: result: pass_all
configure:5261: checking for ar
configure:5277: found /usr/bin/ar
configure:5288: result: ar
configure:5366: checking for strip
configure:5382: found /usr/bin/strip
configure:5393: result: strip
configure:5465: checking for ranlib
configure:5481: found /usr/bin/ranlib
configure:5492: result: ranlib
configure:5582: checking command to parse /usr/bin/nm -B output from gcc object
configure:5700: gcc -c -g -O2  conftest.c >&5
configure:5703: $? = 0
configure:5707: /usr/bin/nm -B conftest.o \| sed -n -e 's/^.*[	 ]\([ABCDGIRSTW][ABCDGIRSTW]*\)[	 ][	 ]*\([_A-Za-z][_A-Za-z0-9]*\)$/\1 \2 \2/p' \> conftest.nm
configure:5710: $? = 0
configure:5764: gcc -o conftest -g -O2   conftest.c conftstm.o >&5
configure:5767: $? = 0
configure:5805: result: ok
configure:6614: checking how to run the C preprocessor
configure:6645: gcc -E  conftest.c
configure:6645: $? = 0
configure:6659: gcc -E  conftest.c
conftest.c:11:28: error: ac_nonexistent.h: No such file or directory
configure:6659: $? = 1
configure: failed program was:
| /* confdefs.h */
| #define PACKAGE_NAME "libusb"
| #define PACKAGE_TARNAME "libusb"
| #define PACKAGE_VERSION "1.0.9"
| #define PACKAGE_STRING "libusb 1.0.9"
| #define PACKAGE_BUGREPORT "libusb-devel@lists.sourceforge.net"
| #define PACKAGE_URL "http://www.libusb.org/"
| #define PACKAGE "libusb"
| #define VERSION "1.0.9"
| /* end confdefs.h.  */
| #include <ac_nonexistent.h>
configure:6684: result: gcc -E
configure:6704: gcc -E  conftest.c
configure:6704: $? = 0
configure:6718: gcc -E  conftest.c
conftest.c:11:28: error: ac_nonexistent.h: No such file or directory
configure:6718: $? = 1
configure: failed program was:
| /* confdefs.h */
| #define PACKAGE_NAME "libusb"
| #define PACKAGE_TARNAME "libusb"
| #define PACKAGE_VERSION "1.0.9"
| #define PACKAGE_STRING "libusb 1.0.9"
| #define PACKAGE_BUGREPORT "libusb-devel@lists.sourceforge.net"
| #define PACKAGE_URL "http://www.libusb.org/"
| #define PACKAGE "libusb"
| #define VERSION "1.0.9"
| /* end confdefs.h.  */
| #include <ac_nonexistent.h>
configure:6747: checking for ANSI C header files
configure:6767: gcc -c -g -O2  conftest.c >&5
configure:6767: $? = 0
configure:6840: gcc -o conftest -g -O2   conftest.c  >&5
configure:6840: $? = 0
configure:6840: ./conftest
configure:6840: $? = 0
configure:6851: result: yes
configure:6864: checking for sys/types.h
configure:6864: gcc -c -g -O2  conftest.c >&5
configure:6864: $? = 0
configure:6864: result: yes
configure:6864: checking for sys/stat.h
configure:6864: gcc -c -g -O2  conftest.c >&5
configure:6864: $? = 0
configure:6864: result: yes
configure:6864: checking for stdlib.h
configure:6864: gcc -c -g -O2  conftest.c >&5
configure:6864: $? = 0
configure:6864: result: yes
configure:6864: checking for string.h
configure:6864: gcc -c -g -O2  conftest.c >&5
configure:6864: $? = 0
configure:6864: result: yes
configure:6864: checking for memory.h
configure:6864: gcc -c -g -O2  conftest.c >&5
configure:6864: $? = 0
configure:6864: result: yes
configure:6864: checking for strings.h
configure:6864: gcc -c -g -O2  conftest.c >&5
configure:6864: $? = 0
configure:6864: result: yes
configure:6864: checking for inttypes.h
configure:6864: gcc -c -g -O2  conftest.c >&5
configure:6864: $? = 0
configure:6864: result: yes
configure:6864: checking for stdint.h
configure:6864: gcc -c -g -O2  conftest.c >&5
configure:6864: $? = 0
configure:6864: result: yes
configure:6864: checking for unistd.h
configure:6864: gcc -c -g -O2  conftest.c >&5
configure:6864: $? = 0
configure:6864: result: yes
configure:6879: checking for dlfcn.h
configure:6879: gcc -c -g -O2  conftest.c >&5
configure:6879: $? = 0
configure:6879: result: yes
configure:7063: checking for objdir
configure:7078: result: .libs
configure:7370: checking if gcc supports -fno-rtti -fno-exceptions
configure:7388: gcc -c -g -O2  -fno-rtti -fno-exceptions conftest.c >&5
cc1: warning: command line option "-fno-rtti" is valid for C++/ObjC++ but not for C
configure:7392: $? = 0
configure:7405: result: no
configure:7425: checking for gcc option to produce PIC
configure:7697: result: -fPIC -DPIC
configure:7709: checking if gcc PIC flag -fPIC -DPIC works
configure:7727: gcc -c -g -O2  -fPIC -DPIC -DPIC conftest.c >&5
configure:7731: $? = 0
configure:7744: result: yes
configure:7768: checking if gcc static flag -static works
configure:7796: result: yes
configure:7811: checking if gcc supports -c -o file.o
configure:7832: gcc -c -g -O2  -o out/conftest2.o conftest.c >&5
configure:7836: $? = 0
configure:7858: result: yes
configure:7866: checking if gcc supports -c -o file.o
configure:7913: result: yes
configure:7946: checking whether the gcc linker (/usr/bin/ld) supports shared libraries
configure:8937: result: yes
configure:8974: checking whether -lc should be explicitly linked in
configure:8979: gcc -c -g -O2  conftest.c >&5
configure:8982: $? = 0
configure:8997: gcc -shared conftest.o  -v -Wl,-soname -Wl,conftest -o conftest 2\>\&1 \| /bin/grep  -lc  \>/dev/null 2\>\&1
configure:9000: $? = 0
configure:9012: result: no
configure:9176: checking dynamic linker characteristics
configure:9609: gcc -o conftest -g -O2   -Wl,-rpath -Wl,/foo conftest.c  >&5
configure:9609: $? = 0
configure:9839: result: GNU/Linux ld.so
configure:9941: checking how to hardcode library paths into programs
configure:9966: result: immediate
configure:10486: checking whether stripping libraries is possible
configure:10491: result: yes
configure:10526: checking if libtool supports shared libraries
configure:10528: result: yes
configure:10531: checking whether to build shared libraries
configure:10552: result: yes
configure:10555: checking whether to build static libraries
configure:10559: result: yes
configure:10637: checking for windres
configure:10667: result: no
configure:10768: checking for inline
configure:10784: gcc -c -g -O2  conftest.c >&5
configure:10784: $? = 0
configure:10792: result: inline
configure:10811: checking whether gcc and cc understand -c and -o together
configure:10842: gcc -c conftest.c -o conftest2.o >&5
configure:10846: $? = 0
configure:10852: gcc -c conftest.c -o conftest2.o >&5
configure:10856: $? = 0
configure:10867: cc -c conftest.c >&5
configure:10871: $? = 0
configure:10879: cc -c conftest.c -o conftest2.o >&5
configure:10883: $? = 0
configure:10889: cc -c conftest.c -o conftest2.o >&5
configure:10893: $? = 0
configure:10911: result: yes
configure:10942: checking operating system
configure:10946: result: Linux
configure:10985: checking for library containing clock_gettime
configure:11016: gcc -o conftest -g -O2   conftest.c  >&5
/usr/bin/ld: /tmp/ccTb7X7H.o: in function main:conftest.c:36: error: undefined reference to 'clock_gettime'
collect2: ld returned 1 exit status
configure:11016: $? = 1
configure: failed program was:
| /* confdefs.h */
| #define PACKAGE_NAME "libusb"
| #define PACKAGE_TARNAME "libusb"
| #define PACKAGE_VERSION "1.0.9"
| #define PACKAGE_STRING "libusb 1.0.9"
| #define PACKAGE_BUGREPORT "libusb-devel@lists.sourceforge.net"
| #define PACKAGE_URL "http://www.libusb.org/"
| #define PACKAGE "libusb"
| #define VERSION "1.0.9"
| #define STDC_HEADERS 1
| #define HAVE_SYS_TYPES_H 1
| #define HAVE_SYS_STAT_H 1
| #define HAVE_STDLIB_H 1
| #define HAVE_STRING_H 1
| #define HAVE_MEMORY_H 1
| #define HAVE_STRINGS_H 1
| #define HAVE_INTTYPES_H 1
| #define HAVE_STDINT_H 1
| #define HAVE_UNISTD_H 1
| #define HAVE_DLFCN_H 1
| #define LT_OBJDIR ".libs/"
| #define _GNU_SOURCE 1
| #define OS_LINUX 1
| /* end confdefs.h.  */
| 
| /* Override any GCC internal prototype to avoid an error.
|    Use char because int might match the return type of a GCC
|    builtin and then its argument prototype would still apply.  */
| #ifdef __cplusplus
| extern "C"
| #endif
| char clock_gettime ();
| int
| main ()
| {
| return clock_gettime ();
|   ;
|   return 0;
| }
configure:11016: gcc -o conftest -g -O2   conftest.c -lrt -pthread  >&5
configure:11016: $? = 0
configure:11033: result: -lrt
configure:11046: checking poll.h usability
configure:11046: gcc -c -g -O2  conftest.c >&5
configure:11046: $? = 0
configure:11046: result: yes
configure:11046: checking poll.h presence
configure:11046: gcc -E  conftest.c
configure:11046: $? = 0
configure:11046: result: yes
configure:11046: checking for poll.h
configure:11046: result: yes
configure:11178: checking sys/timerfd.h usability
configure:11178: gcc -c -g -O2  conftest.c >&5
configure:11178: $? = 0
configure:11178: result: yes
configure:11178: checking sys/timerfd.h presence
configure:11178: gcc -E  conftest.c
configure:11178: $? = 0
configure:11178: result: yes
configure:11178: checking for sys/timerfd.h
configure:11178: result: yes
configure:11198: checking whether TFD_NONBLOCK is declared
configure:11198: gcc -c -g -O2  conftest.c >&5
configure:11198: $? = 0
configure:11198: result: yes
configure:11210: checking whether to use timerfd for timing
configure:11213: result: no (disabled by user)
configure:11228: checking for struct timespec
configure:11228: gcc -c -g -O2  conftest.c >&5
configure:11228: $? = 0
configure:11228: gcc -c -g -O2  conftest.c >&5
conftest.c: In function 'main':
conftest.c:64: error: expected expression before ')' token
configure:11228: $? = 1
configure: failed program was:
| /* confdefs.h */
| #define PACKAGE_NAME "libusb"
| #define PACKAGE_TARNAME "libusb"
| #define PACKAGE_VERSION "1.0.9"
| #define PACKAGE_STRING "libusb 1.0.9"
| #define PACKAGE_BUGREPORT "libusb-devel@lists.sourceforge.net"
| #define PACKAGE_URL "http://www.libusb.org/"
| #define PACKAGE "libusb"
| #define VERSION "1.0.9"
| #define STDC_HEADERS 1
| #define HAVE_SYS_TYPES_H 1
| #define HAVE_SYS_STAT_H 1
| #define HAVE_STDLIB_H 1
| #define HAVE_STRING_H 1
| #define HAVE_MEMORY_H 1
| #define HAVE_STRINGS_H 1
| #define HAVE_INTTYPES_H 1
| #define HAVE_STDINT_H 1
| #define HAVE_UNISTD_H 1
| #define HAVE_DLFCN_H 1
| #define LT_OBJDIR ".libs/"
| #define _GNU_SOURCE 1
| #define OS_LINUX 1
| #define HAVE_POLL_H 1
| #define POLL_NFDS_TYPE nfds_t
| #define THREADS_POSIX 1
| /* end confdefs.h.  */
| #include <stdio.h>
| #ifdef HAVE_SYS_TYPES_H
| # include <sys/types.h>
| #endif
| #ifdef HAVE_SYS_STAT_H
| # include <sys/stat.h>
| #endif
| #ifdef STDC_HEADERS
| # include <stdlib.h>
| # include <stddef.h>
| #else
| # ifdef HAVE_STDLIB_H
| #  include <stdlib.h>
| # endif
| #endif
| #ifdef HAVE_STRING_H
| # if !defined STDC_HEADERS && defined HAVE_MEMORY_H
| #  include <memory.h>
| # endif
| # include <string.h>
| #endif
| #ifdef HAVE_STRINGS_H
| # include <strings.h>
| #endif
| #ifdef HAVE_INTTYPES_H
| # include <inttypes.h>
| #endif
| #ifdef HAVE_STDINT_H
| # include <stdint.h>
| #endif
| #ifdef HAVE_UNISTD_H
| # include <unistd.h>
| #endif
| int
| main ()
| {
| if (sizeof ((struct timespec)))
| 	    return 0;
|   ;
|   return 0;
| }
configure:11228: result: yes
configure:11298: gcc -c -g -O2 -Werror -fvisibility=hidden  conftest.c >&5
configure:11298: $? = 0
configure:11326: gcc -c -g -O2 -Wno-pointer-sign  conftest.c >&5
configure:11326: $? = 0
configure:11335: checking for sigaction
configure:11335: gcc -o conftest -g -O2   conftest.c -lrt  -pthread >&5
configure:11335: $? = 0
configure:11335: result: yes
configure:11354: checking sys/time.h usability
configure:11354: gcc -c -g -O2  conftest.c >&5
configure:11354: $? = 0
configure:11354: result: yes
configure:11354: checking sys/time.h presence
configure:11354: gcc -E  conftest.c
configure:11354: $? = 0
configure:11354: result: yes
configure:11354: checking for sys/time.h
configure:11354: result: yes
configure:11366: checking for gettimeofday
configure:11366: gcc -o conftest -g -O2   conftest.c -lrt  -pthread >&5
configure:11366: $? = 0
configure:11366: result: yes
configure:11543: creating ./config.status

## ---------------------- ##
## Running config.status. ##
## ---------------------- ##

This file was extended by libusb config.status 1.0.9, which was
generated by GNU Autoconf 2.65.  Invocation command line was

  CONFIG_FILES    = 
  CONFIG_HEADERS  = 
  CONFIG_LINKS    = 
  CONFIG_COMMANDS = 
  $ ./config.status 

on MartosLaptopLINUX

config.status:1147: creating libusb-1.0.pc
config.status:1147: creating Makefile
config.status:1147: creating libusb/Makefile
config.status:1147: creating examples/Makefile
config.status:1147: creating doc/Makefile
config.status:1147: creating doc/doxygen.cfg
config.status:1147: creating config.h
config.status:1319: config.h is unchanged
config.status:1367: executing depfiles commands
config.status:1367: executing libtool commands

## ---------------- ##
## Cache variables. ##
## ---------------- ##

ac_cv_build=i686-pc-linux-gnu
ac_cv_c_compiler_gnu=yes
ac_cv_c_inline=inline
ac_cv_env_CC_set=
ac_cv_env_CC_value=
ac_cv_env_CFLAGS_set=
ac_cv_env_CFLAGS_value=
ac_cv_env_CPPFLAGS_set=
ac_cv_env_CPPFLAGS_value=
ac_cv_env_CPP_set=
ac_cv_env_CPP_value=
ac_cv_env_LDFLAGS_set=
ac_cv_env_LDFLAGS_value=
ac_cv_env_LIBS_set=
ac_cv_env_LIBS_value=
ac_cv_env_build_alias_set=
ac_cv_env_build_alias_value=
ac_cv_env_host_alias_set=
ac_cv_env_host_alias_value=
ac_cv_env_target_alias_set=
ac_cv_env_target_alias_value=
ac_cv_func_gettimeofday=yes
ac_cv_func_sigaction=yes
ac_cv_have_decl_TFD_NONBLOCK=yes
ac_cv_header_dlfcn_h=yes
ac_cv_header_inttypes_h=yes
ac_cv_header_memory_h=yes
ac_cv_header_poll_h=yes
ac_cv_header_stdc=yes
ac_cv_header_stdint_h=yes
ac_cv_header_stdlib_h=yes
ac_cv_header_string_h=yes
ac_cv_header_strings_h=yes
ac_cv_header_sys_stat_h=yes
ac_cv_header_sys_time_h=yes
ac_cv_header_sys_timerfd_h=yes
ac_cv_header_sys_types_h=yes
ac_cv_header_unistd_h=yes
ac_cv_host=i686-pc-linux-gnu
ac_cv_objext=o
ac_cv_path_EGREP='/bin/grep -E'
ac_cv_path_FGREP='/bin/grep -F'
ac_cv_path_GREP=/bin/grep
ac_cv_path_SED=/bin/sed
ac_cv_path_install='/usr/bin/install -c'
ac_cv_path_mkdir=/bin/mkdir
ac_cv_prog_AWK=gawk
ac_cv_prog_CPP='gcc -E'
ac_cv_prog_ac_ct_AR=ar
ac_cv_prog_ac_ct_CC=gcc
ac_cv_prog_ac_ct_OBJDUMP=objdump
ac_cv_prog_ac_ct_RANLIB=ranlib
ac_cv_prog_ac_ct_STRIP=strip
ac_cv_prog_cc_c89=
ac_cv_prog_cc_g=yes
ac_cv_prog_cc_gcc_c_o=yes
ac_cv_prog_make_make_set=yes
ac_cv_search_clock_gettime=-lrt
ac_cv_type_struct_timespec=yes
am_cv_CC_dependencies_compiler_type=gcc3
lt_cv_deplibs_check_method=pass_all
lt_cv_file_magic_cmd='$MAGIC_CMD'
lt_cv_file_magic_test_file=
lt_cv_ld_reload_flag=-r
lt_cv_nm_interface='BSD nm'
lt_cv_objdir=.libs
lt_cv_path_LD=/usr/bin/ld
lt_cv_path_NM='/usr/bin/nm -B'
lt_cv_prog_compiler_c_o=yes
lt_cv_prog_compiler_c_o_RC=yes
lt_cv_prog_compiler_pic_works=yes
lt_cv_prog_compiler_rtti_exceptions=no
lt_cv_prog_compiler_static_works=yes
lt_cv_prog_gnu_ld=yes
lt_cv_sys_global_symbol_pipe='sed -n -e '\''s/^.*[	 ]\([ABCDGIRSTW][ABCDGIRSTW]*\)[	 ][	 ]*\([_A-Za-z][_A-Za-z0-9]*\)$/\1 \2 \2/p'\'''
lt_cv_sys_global_symbol_to_c_name_address='sed -n -e '\''s/^: \([^ ]*\) $/  {\"\1\", (void *) 0},/p'\'' -e '\''s/^[ABCDGIRSTW]* \([^ ]*\) \([^ ]*\)$/  {"\2", (void *) \&\2},/p'\'''
lt_cv_sys_global_symbol_to_c_name_address_lib_prefix='sed -n -e '\''s/^: \([^ ]*\) $/  {\"\1\", (void *) 0},/p'\'' -e '\''s/^[ABCDGIRSTW]* \([^ ]*\) \(lib[^ ]*\)$/  {"\2", (void *) \&\2},/p'\'' -e '\''s/^[ABCDGIRSTW]* \([^ ]*\) \([^ ]*\)$/  {"lib\2", (void *) \&\2},/p'\'''
lt_cv_sys_global_symbol_to_cdecl='sed -n -e '\''s/^T .* \(.*\)$/extern int \1();/p'\'' -e '\''s/^[ABCDGIRSTW]* .* \(.*\)$/extern char \1;/p'\'''
lt_cv_sys_max_cmd_len=1572864

## ----------------- ##
## Output variables. ##
## ----------------- ##

ACLOCAL='${SHELL} /home/martinmarinov/workspace/robot/AndroSDR/jni/libusb-1/missing --run aclocal-1.11'
AMDEPBACKSLASH='\'
AMDEP_FALSE='#'
AMDEP_TRUE=''
AMTAR='${SHELL} /home/martinmarinov/workspace/robot/AndroSDR/jni/libusb-1/missing --run tar'
AM_BACKSLASH='\'
AM_CFLAGS='-std=gnu99 -Wall -Wundef -Wunused -Wstrict-prototypes -Werror-implicit-function-declaration -Wno-pointer-sign -Wshadow -pthread -fvisibility=hidden'
AM_DEFAULT_VERBOSITY='0'
AR='ar'
AUTOCONF='${SHELL} /home/martinmarinov/workspace/robot/AndroSDR/jni/libusb-1/missing --run autoconf'
AUTOHEADER='${SHELL} /home/martinmarinov/workspace/robot/AndroSDR/jni/libusb-1/missing --run autoheader'
AUTOMAKE='${SHELL} /home/martinmarinov/workspace/robot/AndroSDR/jni/libusb-1/missing --run automake-1.11'
AWK='gawk'
BUILD_EXAMPLES_FALSE=''
BUILD_EXAMPLES_TRUE='#'
CC='gcc'
CCDEPMODE='depmode=gcc3'
CFLAGS='-g -O2'
CPP='gcc -E'
CPPFLAGS=''
CYGPATH_W='echo'
DEFS='-DHAVE_CONFIG_H'
DEPDIR='.deps'
DSYMUTIL=''
DUMPBIN=''
ECHO_C=''
ECHO_N='-n'
ECHO_T=''
EGREP='/bin/grep -E'
EXEEXT=''
FGREP='/bin/grep -F'
GREP='/bin/grep'
HAVE_SIGACTION_FALSE='#'
HAVE_SIGACTION_TRUE=''
INSTALL_DATA='${INSTALL} -m 644'
INSTALL_PROGRAM='${INSTALL}'
INSTALL_SCRIPT='${INSTALL}'
INSTALL_STRIP_PROGRAM='$(install_sh) -c -s'
LD='/usr/bin/ld'
LDFLAGS=''
LIBOBJS=''
LIBS='-lrt  -pthread'
LIBTOOL='$(SHELL) $(top_builddir)/libtool'
LIPO=''
LN_S='ln -s'
LTLDFLAGS='-version-info 1:0:1 -no-undefined'
LTLIBOBJS=''
MAINT='#'
MAINTAINER_MODE_FALSE=''
MAINTAINER_MODE_TRUE='#'
MAKEINFO='${SHELL} /home/martinmarinov/workspace/robot/AndroSDR/jni/libusb-1/missing --run makeinfo'
MKDIR_P='/bin/mkdir -p'
NM='/usr/bin/nm -B'
NMEDIT=''
OBJDUMP='objdump'
OBJEXT='o'
OS_DARWIN=''
OS_DARWIN_FALSE=''
OS_DARWIN_TRUE='#'
OS_LINUX=''
OS_LINUX_FALSE='#'
OS_LINUX_TRUE=''
OS_OPENBSD=''
OS_OPENBSD_FALSE=''
OS_OPENBSD_TRUE='#'
OS_WINDOWS=''
OS_WINDOWS_FALSE=''
OS_WINDOWS_TRUE='#'
OTOOL64=''
OTOOL=''
PACKAGE='libusb'
PACKAGE_BUGREPORT='libusb-devel@lists.sourceforge.net'
PACKAGE_NAME='libusb'
PACKAGE_STRING='libusb 1.0.9'
PACKAGE_TARNAME='libusb'
PACKAGE_URL='http://www.libusb.org/'
PACKAGE_VERSION='1.0.9'
PATH_SEPARATOR=':'
RANLIB='ranlib'
RC=''
SED='/bin/sed'
SET_MAKE=''
SHELL='/bin/sh'
STRIP='strip'
THREADS_POSIX_FALSE='#'
THREADS_POSIX_TRUE=''
VERSION='1.0.9'
ac_ct_CC='gcc'
ac_ct_DUMPBIN=''
am__EXEEXT_FALSE=''
am__EXEEXT_TRUE='#'
am__fastdepCC_FALSE='#'
am__fastdepCC_TRUE=''
am__include='include'
am__isrc=''
am__leading_dot='.'
am__quote=''
am__tar='${AMTAR} chof - "$$tardir"'
am__untar='${AMTAR} xf -'
bindir='${exec_prefix}/bin'
build='i686-pc-linux-gnu'
build_alias=''
build_cpu='i686'
build_os='linux-gnu'
build_vendor='pc'
datadir='${datarootdir}'
datarootdir='${prefix}/share'
docdir='${datarootdir}/doc/${PACKAGE_TARNAME}'
dvidir='${docdir}'
exec_prefix='${prefix}'
host='i686-pc-linux-gnu'
host_alias=''
host_cpu='i686'
host_os='linux-gnu'
host_vendor='pc'
htmldir='${docdir}'
includedir='${prefix}/include'
infodir='${datarootdir}/info'
install_sh='${SHELL} /home/martinmarinov/workspace/robot/AndroSDR/jni/libusb-1/install-sh'
libdir='${exec_prefix}/lib'
libexecdir='${exec_prefix}/libexec'
localedir='${datarootdir}/locale'
localstatedir='${prefix}/var'
lt_ECHO='echo'
mandir='${datarootdir}/man'
mkdir_p='/bin/mkdir -p'
oldincludedir='/usr/include'
pdfdir='${docdir}'
prefix='/usr/local'
program_transform_name='s,x,x,'
psdir='${docdir}'
sbindir='${exec_prefix}/sbin'
sharedstatedir='${prefix}/com'
sysconfdir='${prefix}/etc'
target_alias=''

## ----------- ##
## confdefs.h. ##
## ----------- ##

/* confdefs.h */
#define PACKAGE_NAME "libusb"
#define PACKAGE_TARNAME "libusb"
#define PACKAGE_VERSION "1.0.9"
#define PACKAGE_STRING "libusb 1.0.9"
#define PACKAGE_BUGREPORT "libusb-devel@lists.sourceforge.net"
#define PACKAGE_URL "http://www.libusb.org/"
#define PACKAGE "libusb"
#define VERSION "1.0.9"
#define STDC_HEADERS 1
#define HAVE_SYS_TYPES_H 1
#define HAVE_SYS_STAT_H 1
#define HAVE_STDLIB_H 1
#define HAVE_STRING_H 1
#define HAVE_MEMORY_H 1
#define HAVE_STRINGS_H 1
#define HAVE_INTTYPES_H 1
#define HAVE_STDINT_H 1
#define HAVE_UNISTD_H 1
#define HAVE_DLFCN_H 1
#define LT_OBJDIR ".libs/"
#define _GNU_SOURCE 1
#define OS_LINUX 1
#define HAVE_POLL_H 1
#define POLL_NFDS_TYPE nfds_t
#define THREADS_POSIX 1
#define HAVE_STRUCT_TIMESPEC 1
#define ENABLE_LOGGING 1
#define DEFAULT_VISIBILITY __attribute__((visibility("default")))
#define HAVE_SYS_TIME_H 1
#define HAVE_GETTIMEOFDAY 1

configure: exit 0
